<?xml version="1.0" encoding="UTF-8"?>
<!-- Generated by org.testng.reporters.JUnitXMLReporter -->
<testsuite ignored="0" hostname="LIN49002854A" failures="0" tests="3" name="Test" time="45.49" errors="0" timestamp="2023-12-05T18:29:51 IST">
  <testcase classname="org.project.Amazon_Project.base.BaseClass" name="@BeforeClass openBrowser" time="0.01">
    <failure type="java.lang.IllegalStateException" message="The driver executable must exist: C:\Users\ARASHMI\eclipse-workspace\Amazon_Project\resources\Driver\msedgedriver">
      <![CDATA[java.lang.IllegalStateException: The driver executable must exist: C:\Users\ARASHMI\eclipse-workspace\Amazon_Project\resources\Driver\msedgedriver
at org.openqa.selenium.internal.Require$FileStateChecker.isFile(Require.java:345)
at org.openqa.selenium.remote.service.DriverFinder.getPath(DriverFinder.java:39)
at org.openqa.selenium.edge.EdgeDriver.generateExecutor(EdgeDriver.java:70)
at org.openqa.selenium.edge.EdgeDriver.<init>(EdgeDriver.java:60)
at org.openqa.selenium.edge.EdgeDriver.<init>(EdgeDriver.java:56)
at org.openqa.selenium.edge.EdgeDriver.<init>(EdgeDriver.java:48)
at org.openqa.selenium.edge.EdgeDriver.<init>(EdgeDriver.java:44)
at org.project.Amazon_Project.base.BaseClass.openBrowser(BaseClass.java:27)
at java.base/java.util.ArrayList.forEach(ArrayList.java:1511)
... Removed 25 stack frames]]>
    </failure>
  </testcase> <!-- @BeforeClass openBrowser -->
  <testcase classname="org.project.Amazon_Project.base.BaseClass" name="@AfterClass closeBrowser" time="0.0">
    <skipped/>
  </testcase> <!-- @AfterClass closeBrowser -->
  <testcase classname="org.project.Amazon_Project.base.BaseClass" name="@BeforeClass openBrowser" time="0.01">
    <failure type="java.lang.IllegalStateException" message="The driver executable must exist: C:\Users\ARASHMI\eclipse-workspace\Amazon_Project\resources\Driver\msedgedriver">
      <![CDATA[java.lang.IllegalStateException: The driver executable must exist: C:\Users\ARASHMI\eclipse-workspace\Amazon_Project\resources\Driver\msedgedriver
at org.openqa.selenium.internal.Require$FileStateChecker.isFile(Require.java:345)
at org.openqa.selenium.remote.service.DriverFinder.getPath(DriverFinder.java:39)
at org.openqa.selenium.edge.EdgeDriver.generateExecutor(EdgeDriver.java:70)
at org.openqa.selenium.edge.EdgeDriver.<init>(EdgeDriver.java:60)
at org.openqa.selenium.edge.EdgeDriver.<init>(EdgeDriver.java:56)
at org.openqa.selenium.edge.EdgeDriver.<init>(EdgeDriver.java:48)
at org.openqa.selenium.edge.EdgeDriver.<init>(EdgeDriver.java:44)
at org.project.Amazon_Project.base.BaseClass.openBrowser(BaseClass.java:27)
at java.base/java.util.ArrayList.forEach(ArrayList.java:1511)
... Removed 25 stack frames]]>
    </failure>
  </testcase> <!-- @BeforeClass openBrowser -->
  <testcase classname="org.project.Amazon_Project.base.BaseClass" name="@AfterClass closeBrowser" time="0.0">
    <skipped/>
  </testcase> <!-- @AfterClass closeBrowser -->
  <testcase classname="org.project.Amazon_Project.uitests.SearchItemAndAddToCart" name="AddItemToCart" time="25.258"/>
  <testcase classname="org.project.Amazon_Project.uitests.RegisterUser" name="NewRegistration" time="0.0">
    <skipped/>
  </testcase> <!-- NewRegistration -->
  <testcase classname="org.project.Amazon_Project.uitests.SearchItemandFilter" name="SearchItemandApplyFilter" time="0.0">
    <skipped/>
  </testcase> <!-- SearchItemandApplyFilter -->
</testsuite> <!-- Test -->
